<?xml version="1.0"?>
<OpenFDM version="1">
  <ControlSystem>
     <model type="Integrator" name="Integrator0">
       <initialValue>
         <matrix>0</matrix>
       </initialValue>
     </model>
     <connect>
       <src name="Integrator0">0</src>
       <dst name="Integrator1">0</dst>
     </connect>
     <model type="Integrator" name="Integrator1">
       <initialValue>
         <matrix>5</matrix>
       </initialValue>
     </model>
<!--      <model type="Const" name="Const0"> -->
<!--        <value> -->
<!--          <matrix rows="1" columns="1">-2</matrix> -->
<!--        </value> -->
<!--      </model> -->
<!--      <connect> -->
<!--        <src name="Const0">0</src> -->
<!--        <dst name="Product0">1</dst> -->
<!--      </connect> -->
     <connect>
       <src name="Integrator1">0</src>
       <dst name="Product0">0</dst>
     </connect>
     <model type="Gain" name="Product0">
       <gain>
         <matrix>-1</matrix>
       </gain>
     </model>
<!--      <model type="Product" name="Product0"> -->
<!--        <sign> -->
<!--          <string>**</string> -->
<!--        </sign> -->
<!--      </model> -->
     <connect>
       <src name="Product0">0</src>
       <dst name="Integrator0">0</dst>
     </connect>
  </ControlSystem>



  <MechanicalSystem>

    <Frame Name="Structural Frame" Id="structural"/>

    <RigidBody Name="Vehicle Top Body" Id="top">
      <Mass>
        <Position>
          <Vector Unit="m">1 1 1</Vector>
        </Position>
        <Orientation Reference="structural">
          <Heading Unit="deg">0</Heading>
          <Attitude Unit="deg">0</Attitude>
          <Roll Unit="deg">0</Roll>
        </Orientation>
        <Mass Unit="kg">17</Mass>
        <Inertia Unit="kg*m*m">
          <Ixx>17</Ixx>
          <Iyy>17</Iyy>
          <Izz>17</Izz>
        </Inertia>
      </Mass>
    </RigidBody>

    <Joint Type="Revolute" Name="Nose Strut Retract Joint" Id="noseStrutRetractJoint">
      <Mount Id="top">
        <!-- The position of the joint in this body's coordinates. -->
        <Position>
          <Vector Unit="m">1 1 1</Vector>
        </Position>
        <!-- The orientation of the joint in this body's coordinates. -->
        <Orientation Reference="structural">
          <quaternion>1 0 0 0</quaternion>
        </Orientation>
      </Mount>
      <Mount Id="noseStrutBody">
        <!-- The position of the joint in this body's coordinates. -->
        <Position>
          <Vector Unit="m">1 1 1</Vector>
        </Position>
        <!-- The orientation of the joint in this body's coordinates. -->
        <Orientation Reference="structural">
          <quaternion>1 0 0 0</quaternion>
        </Orientation>
      </Mount>
<!--       <Actuator></Actuator> -->
    </Joint>
    <RigidBody Name="Nose Strut Body" Id="noseStrutBody">
    </RigidBody>
    <Joint Type="Revolute" Name="Nose Strut Steering Joint" Id="noseStrutSteeringJoint">
      <Mount Id="noseStrutBody">
      </Mount>
      <Mount Id="noseStrutSteerBody">
      </Mount>
    </Joint>
    <RigidBody Name="Nose Strut Steering Body" Id="noseStrutSteerBody">
      <Mass>
        <Mass Unit="kg">17</Mass>
      </Mass>
    </RigidBody>
    <Joint Type="Prismatic" Name="Nose Compression Joint" Id="noseCompressionJoint">
      <Mount Id="noseStrutSteerBody">
      </Mount>
      <Mount Id="noseStrutCompressBody">
      </Mount>
    </Joint>
    <RigidBody Name="Nose Strut Compress Body" Id="noseStrutCompressBody">
      <Mass>
        <Mass Unit="kg">17</Mass>
      </Mass>
    </RigidBody>
    <Joint Type="Revolute" Name="Nose Wheel Hub" Id="noseWheelHub">
      <Mount Id="noseStrutCompressBody">
      </Mount>
      <Mount Id="noseWheel">
      </Mount>
    </Joint>
    <RigidBody Name="Nose Wheel" Id="noseWheel">
      <Mass>
        <Mass Unit="kg">17</Mass>
      </Mass>
      <Inertia Unit="kg*m*m">
        <Iyy>17</Iyy>
      </Inertia>
    </RigidBody>


    <Joint Type="Revolute" Name="Right Main Strut Retract" Id="rightStrutRestractJoint">
      <Mount Id="top">
      </Mount>
      <Mount Id="rightStrutBody">
      </Mount>
    </Joint>
    <RigidBody Name="Right Strut Body" Id="rightStrutBody">
      <Mass>
        <Mass Unit="kg">17</Mass>
      </Mass>
    </RigidBody>
    <Joint Type="Revolute" Name="Right Strut Compress Joint" Id="rightStrutCompressJoint">
      <Mount Id="rightStrutBody">
      </Mount>
      <Mount Id="rightStrutCompressBody">
      </Mount>
    </Joint>
    <RigidBody Name="Right Strut Compression Body" Id="rightStrutCompressBody">
      <Mass>
        <Mass Unit="kg">17</Mass>
      </Mass>
    </RigidBody>
    <Joint Type="Revolute" Name="Right Wheel Hub" Id="rightWheelHub">
      <Mount Id="rightStrutCompressBody">
      </Mount>
      <Mount Id="rightWheel">
      </Mount>
    </Joint>
    <RigidBody Name="Right Wheel" Id="rightWheel">
      <Mass>
        <Mass Unit="kg">17</Mass>
      </Mass>
      <Inertia Unit="kg*m*m">
        <Iyy>17</Iyy>
      </Inertia>
    </RigidBody>

    <Joint Type="Revolute" Name="Left Main Strut" Id="leftStrut">
      <Mount Id="top">
      </Mount>
      <Mount Id="leftStrutBody">
      </Mount>
    </Joint>
    <RigidBody Name="Left Strut Body" Id="leftStrutBody">
      <Mass>
        <Mass Unit="kg">17</Mass>
      </Mass>
    </RigidBody>
    <Joint Type="Revolute" Name="Left Strut Compress Joint" Id="leftStrutCompressJoint">
      <Mount Id="leftStrutBody">
      </Mount>
      <Mount Id="leftStrutCompressBody">
      </Mount>
    </Joint>
    <RigidBody Type="Revolute" Name="Left Strut Compression Body" Id="leftStrutCompressBody">
      <Mass>
        <Mass Unit="kg">17</Mass>
      </Mass>
    </RigidBody>
    <Joint Type="Revolute" Name="Left Wheel Hub" Id="leftWheelHub">
      <Mount Id="leftStrutCompressBody">
      </Mount>
      <Mount Id="leftWheel">
      </Mount>
    </Joint>
    <RigidBody Name="Left Wheel" Id="leftWheel">
      <Mass>
        <Mass Unit="kg">17</Mass>
      </Mass>
      <Inertia Unit="kg*m*m">
        <Iyy>17</Iyy>
      </Inertia>
    </RigidBody>


    <AeroForce Name="Aerodynamic Force Tables" Id="aeroFroce">
      <Mount Id="top">
        <Position>
          <Vector Unit="m">1 1 1</Vector>
        </Position>
      </Mount>
    </AeroForce>

    <SimpleContact Name="Contact 1" Id="contact1">
    </SimpleContact>
    <SimpleContact Name="Contact 2" Id="contact2">
    </SimpleContact>
    <SimpleContact Name="Contact 3" Id="contact3">
    </SimpleContact>
    <SimpleContact Name="Contact 4" Id="contact4">
    </SimpleContact>
  </MechanicalSystem>
</OpenFDM>
